<?xml version="1.0" encoding="UTF-8"?>
<!-- Generated by org.testng.reporters.JUnitReportReporter -->
<testsuite hostname="staah-Lenovo-V130-15IKB" failures="0" tests="1" name="APITesting.validate_JSONRespone" time="1.687" errors="0" timestamp="2024-02-20T13:46:06 IST" skipped="0">
  <testcase classname="APITesting.validate_JSONRespone" name="JSONResponse" time="1.687"/>
  <system-out/>
</testsuite> <!-- APITesting.validate_JSONRespone -->
