<?xml version="1.0" encoding="UTF-8"?>
<!-- Generated by org.testng.reporters.JUnitReportReporter -->
<testsuite hostname="staah-Lenovo-V130-15IKB" failures="0" tests="4" name="GoogleMapsApi.GoogleMapsApi" time="4.144" errors="0" timestamp="2024-02-21T12:01:41 IST" skipped="0">
  <testcase classname="GoogleMapsApi.GoogleMapsApi" name="addPlace" time="2.234"/>
  <system-out/>
  <testcase classname="GoogleMapsApi.GoogleMapsApi" name="updatePlace" time="0.901"/>
  <system-out/>
  <testcase classname="GoogleMapsApi.GoogleMapsApi" name="getPlace" time="0.948"/>
  <system-out/>
  <testcase classname="GoogleMapsApi.GoogleMapsApi" name="deletePlace" time="0.061"/>
  <system-out/>
</testsuite> <!-- GoogleMapsApi.GoogleMapsApi -->
