<?xml version="1.0" encoding="UTF-8"?>
<!-- Generated by org.testng.reporters.JUnitReportReporter -->
<testsuite hostname="staah-Lenovo-V130-15IKB" failures="0" tests="1" name="APITesting.quey_and_pathParameter" time="2.009" errors="0" timestamp="2024-02-20T11:54:35 IST" skipped="0">
  <testcase classname="APITesting.quey_and_pathParameter" name="quey_and_path_parameter" time="2.009"/>
  <system-out/>
</testsuite> <!-- APITesting.quey_and_pathParameter -->
