<?xml version="1.0" encoding="UTF-8"?>
<!-- Generated by org.testng.reporters.JUnitReportReporter -->
<testsuite hostname="staah-Lenovo-V130-15IKB" failures="0" tests="1" name="GoogleMapsApi.AddPlace" time="1.954" errors="0" timestamp="2024-02-21T10:38:04 IST" skipped="0">
  <testcase classname="GoogleMapsApi.AddPlace" name="addPlace" time="1.954"/>
  <system-out/>
</testsuite> <!-- GoogleMapsApi.AddPlace -->
