<?xml version="1.0" encoding="UTF-8"?>
<!-- Generated by org.testng.reporters.JUnitReportReporter -->
<testsuite hostname="staah-Lenovo-V130-15IKB" failures="0" tests="1" name="GoogleMapsApi.demo" time="4.231" errors="0" timestamp="2024-02-21T13:52:59 IST" skipped="0">
  <testcase classname="GoogleMapsApi.demo" name="demo" time="4.231"/>
  <system-out/>
</testsuite> <!-- GoogleMapsApi.demo -->
