<?xml version="1.0" encoding="UTF-8"?>
<!-- Generated by org.testng.reporters.JUnitReportReporter -->
<testsuite hostname="staah-Lenovo-V130-15IKB" failures="0" tests="2" name="APITesting.wayTo_Create_Body" time="1.750" errors="0" timestamp="2024-02-20T10:35:53 IST" skipped="0">
  <testcase classname="APITesting.wayTo_Create_Body" name="ex_json_file" time="1.698"/>
  <system-out/>
  <testcase classname="APITesting.wayTo_Create_Body" name="getStudents" time="0.052"/>
  <system-out/>
</testsuite> <!-- APITesting.wayTo_Create_Body -->
