<?xml version="1.0" encoding="UTF-8"?>
<!-- Generated by org.testng.reporters.JUnitReportReporter -->
<testsuite hostname="staah-Lenovo-V130-15IKB" failures="0" tests="1" name="APITesting.cookiesDemo" time="1.745" errors="0" timestamp="2024-02-20T12:36:43 IST" skipped="0">
  <testcase classname="APITesting.cookiesDemo" name="cookie" time="1.745"/>
  <system-out/>
</testsuite> <!-- APITesting.cookiesDemo -->
