<?xml version="1.0" encoding="UTF-8"?>
<!-- Generated by org.testng.reporters.JUnitReportReporter -->
<testsuite hostname="staah-Lenovo-V130-15IKB" failures="0" tests="4" name="APITesting.HttpRequest" time="3.782" errors="0" timestamp="2024-02-19T13:49:29 IST" skipped="0">
  <testcase classname="APITesting.HttpRequest" name="getUser" time="2.140"/>
  <system-out/>
  <testcase classname="APITesting.HttpRequest" name="createUser" time="0.723"/>
  <system-out/>
  <testcase classname="APITesting.HttpRequest" name="updateuser" time="0.475"/>
  <system-out/>
  <testcase classname="APITesting.HttpRequest" name="deleteUser" time="0.444"/>
  <system-out/>
</testsuite> <!-- APITesting.HttpRequest -->
